{"/Users/jayashtripathy/Documents/plane/packages/i18n/scripts/check-missing-translations.ts": {"path":"/Users/jayashtripathy/Documents/plane/packages/i18n/scripts/check-missing-translations.ts","statementMap":{"0":{"start":{"line":3,"column":0},"end":{"line":3,"column":56}},"1":{"start":{"line":4,"column":0},"end":{"line":4,"column":71}},"2":{"start":{"line":7,"column":2},"end":{"line":35,"column":3}},"3":{"start":{"line":8,"column":4},"end":{"line":8,"column":64}},"4":{"start":{"line":10,"column":19},"end":{"line":10,"column":51}},"5":{"start":{"line":11,"column":60},"end":{"line":11,"column":66}},"6":{"start":{"line":13,"column":4},"end":{"line":23,"column":5}},"7":{"start":{"line":14,"column":6},"end":{"line":20,"column":9}},"8":{"start":{"line":15,"column":8},"end":{"line":15,"column":45}},"9":{"start":{"line":16,"column":8},"end":{"line":18,"column":11}},"10":{"start":{"line":17,"column":10},"end":{"line":17,"column":77}},"11":{"start":{"line":19,"column":8},"end":{"line":19,"column":22}},"12":{"start":{"line":22,"column":6},"end":{"line":22,"column":53}},"13":{"start":{"line":25,"column":4},"end":{"line":31,"column":5}},"14":{"start":{"line":26,"column":6},"end":{"line":26,"column":116}},"15":{"start":{"line":27,"column":6},"end":{"line":27,"column":22}},"16":{"start":{"line":29,"column":6},"end":{"line":29,"column":63}},"17":{"start":{"line":30,"column":6},"end":{"line":30,"column":22}},"18":{"start":{"line":33,"column":4},"end":{"line":33,"column":64}},"19":{"start":{"line":34,"column":4},"end":{"line":34,"column":20}},"20":{"start":{"line":38,"column":0},"end":{"line":38,"column":22}}},"fnMap":{"0":{"name":"runTranslationCheck","decl":{"start":{"line":6,"column":15},"end":{"line":6,"column":34}},"loc":{"start":{"line":6,"column":34},"end":{"line":36,"column":1}}},"1":{"name":"(anonymous_1)","decl":{"start":{"line":14,"column":34},"end":{"line":14,"column":35}},"loc":{"start":{"line":14,"column":68},"end":{"line":20,"column":7}}},"2":{"name":"(anonymous_2)","decl":{"start":{"line":16,"column":31},"end":{"line":16,"column":32}},"loc":{"start":{"line":16,"column":42},"end":{"line":18,"column":9}}}},"branchMap":{"0":{"loc":{"start":{"line":13,"column":4},"end":{"line":23,"column":5}},"type":"if","locations":[{"start":{"line":13,"column":4},"end":{"line":23,"column":5}},{"start":{"line":21,"column":11},"end":{"line":23,"column":5}}]},"1":{"loc":{"start":{"line":25,"column":4},"end":{"line":31,"column":5}},"type":"if","locations":[{"start":{"line":25,"column":4},"end":{"line":31,"column":5}},{"start":{"line":28,"column":11},"end":{"line":31,"column":5}}]}},"s":{"0":0,"1":0,"2":0,"3":0,"4":0,"5":0,"6":0,"7":0,"8":0,"9":0,"10":0,"11":0,"12":0,"13":0,"14":0,"15":0,"16":0,"17":0,"18":0,"19":0,"20":0},"f":{"0":0,"1":0,"2":0},"b":{"0":[0,0],"1":[0,0]}}
,"/Users/jayashtripathy/Documents/plane/packages/i18n/scripts/locale/check-translations.ts": {"path":"/Users/jayashtripathy/Documents/plane/packages/i18n/scripts/locale/check-translations.ts","statementMap":{"0":{"start":{"line":82,"column":9},"end":{"line":82,"column":33}},"1":{"start":{"line":1,"column":0},"end":{"line":1,"column":42}},"2":{"start":{"line":2,"column":0},"end":{"line":2,"column":42}},"3":{"start":{"line":39,"column":18},"end":{"line":39,"column":37}},"4":{"start":{"line":40,"column":2},"end":{"line":40,"column":49}},"5":{"start":{"line":42,"column":16},"end":{"line":42,"column":40}},"6":{"start":{"line":43,"column":31},"end":{"line":43,"column":36}},"7":{"start":{"line":44,"column":52},"end":{"line":44,"column":54}},"8":{"start":{"line":46,"column":2},"end":{"line":74,"column":3}},"9":{"start":{"line":47,"column":17},"end":{"line":47,"column":60}},"10":{"start":{"line":49,"column":24},"end":{"line":53,"column":null}},"11":{"start":{"line":50,"column":6},"end":{"line":52,"column":null}},"12":{"start":{"line":52,"column":10},"end":{"line":52,"column":68}},"13":{"start":{"line":56,"column":4},"end":{"line":73,"column":5}},"14":{"start":{"line":57,"column":6},"end":{"line":57,"column":36}},"15":{"start":{"line":59,"column":6},"end":{"line":72,"column":9}},"16":{"start":{"line":60,"column":31},"end":{"line":65,"column":36}},"17":{"start":{"line":63,"column":14},"end":{"line":63,"column":72}},"18":{"start":{"line":65,"column":29},"end":{"line":65,"column":35}},"19":{"start":{"line":67,"column":8},"end":{"line":71,"column":11}},"20":{"start":{"line":76,"column":2},"end":{"line":79,"column":4}}},"fnMap":{"0":{"name":"checkMissingTranslations","decl":{"start":{"line":38,"column":15},"end":{"line":38,"column":39}},"loc":{"start":{"line":38,"column":39},"end":{"line":80,"column":1}}},"1":{"name":"(anonymous_1)","decl":{"start":{"line":49,"column":36},"end":{"line":49,"column":37}},"loc":{"start":{"line":50,"column":6},"end":{"line":52,"column":null}}},"2":{"name":"(anonymous_2)","decl":{"start":{"line":51,"column":8},"end":{"line":51,"column":9}},"loc":{"start":{"line":52,"column":10},"end":{"line":52,"column":68}}},"3":{"name":"(anonymous_3)","decl":{"start":{"line":59,"column":26},"end":{"line":59,"column":27}},"loc":{"start":{"line":59,"column":50},"end":{"line":72,"column":7}}},"4":{"name":"(anonymous_4)","decl":{"start":{"line":62,"column":12},"end":{"line":62,"column":13}},"loc":{"start":{"line":63,"column":14},"end":{"line":63,"column":72}}},"5":{"name":"(anonymous_5)","decl":{"start":{"line":65,"column":15},"end":{"line":65,"column":16}},"loc":{"start":{"line":65,"column":29},"end":{"line":65,"column":35}}}},"branchMap":{"0":{"loc":{"start":{"line":52,"column":10},"end":{"line":52,"column":68}},"type":"binary-expr","locations":[{"start":{"line":52,"column":10},"end":{"line":52,"column":32}},{"start":{"line":52,"column":36},"end":{"line":52,"column":68}}]},"1":{"loc":{"start":{"line":56,"column":4},"end":{"line":73,"column":5}},"type":"if","locations":[{"start":{"line":56,"column":4},"end":{"line":73,"column":5}},{"start":{},"end":{}}]},"2":{"loc":{"start":{"line":63,"column":14},"end":{"line":63,"column":72}},"type":"binary-expr","locations":[{"start":{"line":63,"column":14},"end":{"line":63,"column":36}},{"start":{"line":63,"column":40},"end":{"line":63,"column":72}}]}},"s":{"0":1,"1":1,"2":1,"3":1,"4":1,"5":1,"6":1,"7":1,"8":1,"9":4,"10":4,"11":1624,"12":28421,"13":4,"14":2,"15":2,"16":150,"17":2850,"18":2247,"19":150,"20":1},"f":{"0":1,"1":1624,"2":28421,"3":150,"4":2850,"5":2247},"b":{"0":[28421,26921],"1":[2,2],"2":[2850,2700]}}
,"/Users/jayashtripathy/Documents/plane/packages/i18n/scripts/locale/constants.ts": {"path":"/Users/jayashtripathy/Documents/plane/packages/i18n/scripts/locale/constants.ts","statementMap":{"0":{"start":{"line":1,"column":0},"end":{"line":1,"column":24}},"1":{"start":{"line":5,"column":13},"end":{"line":5,"column":79}},"2":{"start":{"line":8,"column":13},"end":{"line":8,"column":104}},"3":{"start":{"line":11,"column":13},"end":{"line":11,"column":51}}},"fnMap":{},"branchMap":{},"s":{"0":1,"1":1,"2":1,"3":1},"f":{},"b":{}}
,"/Users/jayashtripathy/Documents/plane/packages/i18n/scripts/locale/file-service.ts": {"path":"/Users/jayashtripathy/Documents/plane/packages/i18n/scripts/locale/file-service.ts","statementMap":{"0":{"start":{"line":1,"column":0},"end":{"line":1,"column":36}},"1":{"start":{"line":11,"column":4},"end":{"line":15,"column":5}},"2":{"start":{"line":12,"column":6},"end":{"line":12,"column":50}},"3":{"start":{"line":14,"column":6},"end":{"line":14,"column":18}},"4":{"start":{"line":25,"column":4},"end":{"line":25,"column":51}},"5":{"start":{"line":35,"column":4},"end":{"line":40,"column":5}},"6":{"start":{"line":36,"column":6},"end":{"line":36,"column":32}},"7":{"start":{"line":37,"column":6},"end":{"line":37,"column":18}},"8":{"start":{"line":39,"column":6},"end":{"line":39,"column":19}},"9":{"start":{"line":3,"column":0},"end":{"line":3,"column":13}}},"fnMap":{"0":{"name":"(anonymous_0)","decl":{"start":{"line":10,"column":2},"end":{"line":10,"column":7}},"loc":{"start":{"line":10,"column":29},"end":{"line":16,"column":3}}},"1":{"name":"(anonymous_1)","decl":{"start":{"line":24,"column":2},"end":{"line":24,"column":7}},"loc":{"start":{"line":24,"column":47},"end":{"line":26,"column":3}}},"2":{"name":"(anonymous_2)","decl":{"start":{"line":34,"column":2},"end":{"line":34,"column":7}},"loc":{"start":{"line":34,"column":31},"end":{"line":41,"column":3}}}},"branchMap":{},"s":{"0":1,"1":152,"2":152,"3":36,"4":4,"5":0,"6":0,"7":0,"8":0,"9":1},"f":{"0":152,"1":4,"2":0},"b":{}}
,"/Users/jayashtripathy/Documents/plane/packages/i18n/scripts/locale/json-service.ts": {"path":"/Users/jayashtripathy/Documents/plane/packages/i18n/scripts/locale/json-service.ts","statementMap":{"0":{"start":{"line":1,"column":0},"end":{"line":1,"column":23}},"1":{"start":{"line":15,"column":43},"end":{"line":15,"column":45}},"2":{"start":{"line":17,"column":4},"end":{"line":25,"column":5}},"3":{"start":{"line":18,"column":21},"end":{"line":18,"column":54}},"4":{"start":{"line":20,"column":6},"end":{"line":24,"column":7}},"5":{"start":{"line":21,"column":8},"end":{"line":21,"column":81}},"6":{"start":{"line":23,"column":8},"end":{"line":23,"column":63}},"7":{"start":{"line":27,"column":4},"end":{"line":27,"column":18}},"8":{"start":{"line":38,"column":4},"end":{"line":38,"column":27}},"9":{"start":{"line":39,"column":4},"end":{"line":39,"column":15}},"10":{"start":{"line":49,"column":4},"end":{"line":49,"column":22}},"11":{"start":{"line":50,"column":4},"end":{"line":50,"column":15}},"12":{"start":{"line":7,"column":0},"end":{"line":7,"column":13}}},"fnMap":{"0":{"name":"(anonymous_1)","decl":{"start":{"line":14,"column":2},"end":{"line":14,"column":9}},"loc":{"start":{"line":14,"column":46},"end":{"line":28,"column":3}}},"1":{"name":"(anonymous_2)","decl":{"start":{"line":37,"column":2},"end":{"line":37,"column":5}},"loc":{"start":{"line":37,"column":57},"end":{"line":40,"column":3}}},"2":{"name":"(anonymous_3)","decl":{"start":{"line":48,"column":2},"end":{"line":48,"column":7}},"loc":{"start":{"line":48,"column":44},"end":{"line":51,"column":3}}}},"branchMap":{"0":{"loc":{"start":{"line":14,"column":35},"end":{"line":14,"column":46}},"type":"default-arg","locations":[{"start":{"line":14,"column":44},"end":{"line":14,"column":46}}]},"1":{"loc":{"start":{"line":18,"column":21},"end":{"line":18,"column":54}},"type":"cond-expr","locations":[{"start":{"line":18,"column":30},"end":{"line":18,"column":48}},{"start":{"line":18,"column":51},"end":{"line":18,"column":54}}]},"2":{"loc":{"start":{"line":20,"column":6},"end":{"line":24,"column":7}},"type":"if","locations":[{"start":{"line":20,"column":6},"end":{"line":24,"column":7}},{"start":{"line":22,"column":13},"end":{"line":24,"column":7}}]},"3":{"loc":{"start":{"line":20,"column":10},"end":{"line":20,"column":53}},"type":"binary-expr","locations":[{"start":{"line":20,"column":10},"end":{"line":20,"column":35}},{"start":{"line":20,"column":39},"end":{"line":20,"column":53}}]},"4":{"loc":{"start":{"line":23,"column":25},"end":{"line":23,"column":62}},"type":"cond-expr","locations":[{"start":{"line":23,"column":40},"end":{"line":23,"column":42}},{"start":{"line":23,"column":46},"end":{"line":23,"column":62}}]}},"s":{"0":1,"1":18544,"2":18544,"3":78966,"4":78966,"5":18428,"6":60538,"7":18544,"8":0,"9":0,"10":0,"11":0,"12":1},"f":{"0":18544,"1":0,"2":0},"b":{"0":[116],"1":[64178,14788],"2":[18428,60538],"3":[78966,18428],"4":[76,60462]}}
,"/Users/jayashtripathy/Documents/plane/packages/i18n/scripts/locale/manager.ts": {"path":"/Users/jayashtripathy/Documents/plane/packages/i18n/scripts/locale/manager.ts","statementMap":{"0":{"start":{"line":1,"column":0},"end":{"line":1,"column":36}},"1":{"start":{"line":2,"column":0},"end":{"line":2,"column":24}},"2":{"start":{"line":3,"column":0},"end":{"line":3,"column":84}},"3":{"start":{"line":4,"column":0},"end":{"line":4,"column":45}},"4":{"start":{"line":5,"column":0},"end":{"line":5,"column":65}},"5":{"start":{"line":13,"column":31},"end":{"line":13,"column":91}},"6":{"start":{"line":13,"column":57},"end":{"line":13,"column":91}},"7":{"start":{"line":20,"column":24},"end":{"line":20,"column":41}},"8":{"start":{"line":21,"column":24},"end":{"line":21,"column":41}},"9":{"start":{"line":30,"column":4},"end":{"line":30,"column":42}},"10":{"start":{"line":31,"column":4},"end":{"line":31,"column":46}},"11":{"start":{"line":40,"column":18},"end":{"line":40,"column":49}},"12":{"start":{"line":41,"column":4},"end":{"line":41,"column":81}},"13":{"start":{"line":41,"column":31},"end":{"line":41,"column":56}},"14":{"start":{"line":48,"column":4},"end":{"line":50,"column":5}},"15":{"start":{"line":49,"column":6},"end":{"line":49,"column":51}},"16":{"start":{"line":60,"column":4},"end":{"line":60,"column":60}},"17":{"start":{"line":70,"column":21},"end":{"line":70,"column":51}},"18":{"start":{"line":71,"column":16},"end":{"line":71,"column":53}},"19":{"start":{"line":72,"column":4},"end":{"line":72,"column":24}},"20":{"start":{"line":72,"column":14},"end":{"line":72,"column":24}},"21":{"start":{"line":73,"column":4},"end":{"line":73,"column":75}},"22":{"start":{"line":85,"column":21},"end":{"line":85,"column":51}},"23":{"start":{"line":86,"column":16},"end":{"line":86,"column":63}},"24":{"start":{"line":87,"column":17},"end":{"line":87,"column":54}},"25":{"start":{"line":88,"column":4},"end":{"line":88,"column":43}},"26":{"start":{"line":89,"column":4},"end":{"line":89,"column":74}},"27":{"start":{"line":90,"column":4},"end":{"line":90,"column":49}},"28":{"start":{"line":100,"column":20},"end":{"line":100,"column":43}},"29":{"start":{"line":101,"column":4},"end":{"line":107,"column":5}},"30":{"start":{"line":102,"column":23},"end":{"line":102,"column":53}},"31":{"start":{"line":103,"column":18},"end":{"line":103,"column":65}},"32":{"start":{"line":104,"column":19},"end":{"line":104,"column":56}},"33":{"start":{"line":105,"column":6},"end":{"line":105,"column":40}},"34":{"start":{"line":106,"column":6},"end":{"line":106,"column":76}},"35":{"start":{"line":108,"column":4},"end":{"line":108,"column":49}},"36":{"start":{"line":118,"column":20},"end":{"line":118,"column":43}},"37":{"start":{"line":119,"column":76},"end":{"line":139,"column":6}},"38":{"start":{"line":141,"column":4},"end":{"line":143,"column":5}},"39":{"start":{"line":142,"column":6},"end":{"line":142,"column":70}},"40":{"start":{"line":145,"column":15},"end":{"line":145,"column":40}},"41":{"start":{"line":146,"column":4},"end":{"line":146,"column":63}},"42":{"start":{"line":146,"column":13},"end":{"line":146,"column":63}},"43":{"start":{"line":148,"column":4},"end":{"line":161,"column":8}},"44":{"start":{"line":148,"column":41},"end":{"line":161,"column":6}},"45":{"start":{"line":153,"column":32},"end":{"line":159,"column":10}},"46":{"start":{"line":176,"column":4},"end":{"line":180,"column":6}},"47":{"start":{"line":178,"column":8},"end":{"line":178,"column":77}},"48":{"start":{"line":189,"column":17},"end":{"line":189,"column":57}},"49":{"start":{"line":190,"column":20},"end":{"line":190,"column":49}},"50":{"start":{"line":191,"column":4},"end":{"line":191,"column":49}},"51":{"start":{"line":192,"column":4},"end":{"line":192,"column":110}},"52":{"start":{"line":19,"column":0},"end":{"line":19,"column":13}}},"fnMap":{"0":{"name":"(anonymous_1)","decl":{"start":{"line":13,"column":31},"end":{"line":13,"column":32}},"loc":{"start":{"line":13,"column":57},"end":{"line":13,"column":91}}},"1":{"name":"(anonymous_2)","decl":{"start":{"line":29,"column":2},"end":{"line":29,"column":null}},"loc":{"start":{"line":29,"column":2},"end":{"line":32,"column":3}}},"2":{"name":"(anonymous_3)","decl":{"start":{"line":39,"column":10},"end":{"line":39,"column":15}},"loc":{"start":{"line":39,"column":26},"end":{"line":42,"column":3}}},"3":{"name":"(anonymous_4)","decl":{"start":{"line":41,"column":24},"end":{"line":41,"column":25}},"loc":{"start":{"line":41,"column":31},"end":{"line":41,"column":56}}},"4":{"name":"(anonymous_5)","decl":{"start":{"line":47,"column":2},"end":{"line":47,"column":7}},"loc":{"start":{"line":47,"column":38},"end":{"line":51,"column":3}}},"5":{"name":"(anonymous_6)","decl":{"start":{"line":59,"column":10},"end":{"line":59,"column":21}},"loc":{"start":{"line":59,"column":70},"end":{"line":61,"column":3}}},"6":{"name":"(anonymous_7)","decl":{"start":{"line":69,"column":2},"end":{"line":69,"column":7}},"loc":{"start":{"line":69,"column":72},"end":{"line":74,"column":3}}},"7":{"name":"(anonymous_8)","decl":{"start":{"line":84,"column":2},"end":{"line":84,"column":7}},"loc":{"start":{"line":84,"column":102},"end":{"line":91,"column":3}}},"8":{"name":"(anonymous_9)","decl":{"start":{"line":99,"column":2},"end":{"line":99,"column":7}},"loc":{"start":{"line":99,"column":60},"end":{"line":109,"column":3}}},"9":{"name":"(anonymous_10)","decl":{"start":{"line":117,"column":2},"end":{"line":117,"column":7}},"loc":{"start":{"line":117,"column":53},"end":{"line":162,"column":3}}},"10":{"name":"(anonymous_11)","decl":{"start":{"line":148,"column":31},"end":{"line":148,"column":32}},"loc":{"start":{"line":148,"column":41},"end":{"line":161,"column":6}}},"11":{"name":"(anonymous_12)","decl":{"start":{"line":153,"column":20},"end":{"line":153,"column":21}},"loc":{"start":{"line":153,"column":32},"end":{"line":159,"column":10}}},"12":{"name":"(anonymous_13)","decl":{"start":{"line":171,"column":2},"end":{"line":171,"column":7}},"loc":{"start":{"line":174,"column":25},"end":{"line":181,"column":3}}},"13":{"name":"(anonymous_14)","decl":{"start":{"line":177,"column":39},"end":{"line":177,"column":40}},"loc":{"start":{"line":178,"column":8},"end":{"line":178,"column":77}}},"14":{"name":"(anonymous_15)","decl":{"start":{"line":188,"column":2},"end":{"line":188,"column":7}},"loc":{"start":{"line":188,"column":57},"end":{"line":193,"column":3}}}},"branchMap":{"0":{"loc":{"start":{"line":72,"column":4},"end":{"line":72,"column":24}},"type":"if","locations":[{"start":{"line":72,"column":4},"end":{"line":72,"column":24}},{"start":{},"end":{}}]},"1":{"loc":{"start":{"line":86,"column":16},"end":{"line":86,"column":63}},"type":"binary-expr","locations":[{"start":{"line":86,"column":17},"end":{"line":86,"column":54}},{"start":{"line":86,"column":59},"end":{"line":86,"column":63}}]},"2":{"loc":{"start":{"line":103,"column":18},"end":{"line":103,"column":65}},"type":"binary-expr","locations":[{"start":{"line":103,"column":19},"end":{"line":103,"column":56}},{"start":{"line":103,"column":61},"end":{"line":103,"column":65}}]},"3":{"loc":{"start":{"line":146,"column":4},"end":{"line":146,"column":63}},"type":"if","locations":[{"start":{"line":146,"column":4},"end":{"line":146,"column":63}},{"start":{},"end":{}}]},"4":{"loc":{"start":{"line":156,"column":20},"end":{"line":156,"column":69}},"type":"cond-expr","locations":[{"start":{"line":156,"column":50},"end":{"line":156,"column":57}},{"start":{"line":156,"column":60},"end":{"line":156,"column":69}}]},"5":{"loc":{"start":{"line":157,"column":19},"end":{"line":157,"column":52}},"type":"binary-expr","locations":[{"start":{"line":157,"column":19},"end":{"line":157,"column":46}},{"start":{"line":157,"column":50},"end":{"line":157,"column":52}}]}},"s":{"0":1,"1":1,"2":1,"3":1,"4":1,"5":1,"6":168,"7":1,"8":1,"9":1,"10":1,"11":8,"12":8,"13":168,"14":1,"15":4,"16":152,"17":152,"18":152,"19":152,"20":36,"21":116,"22":0,"23":0,"24":0,"25":0,"26":0,"27":0,"28":0,"29":0,"30":0,"31":0,"32":0,"33":0,"34":0,"35":0,"36":8,"37":8,"38":8,"39":152,"40":8,"41":8,"42":0,"43":8,"44":3248,"45":61712,"46":0,"47":0,"48":4,"49":4,"50":4,"51":4,"52":1},"f":{"0":168,"1":1,"2":8,"3":168,"4":1,"5":152,"6":152,"7":0,"8":0,"9":8,"10":3248,"11":61712,"12":0,"13":0,"14":4},"b":{"0":[36,116],"1":[0,0],"2":[0,0],"3":[0,8],"4":[57214,4498],"5":[61712,4498]}}
,"/Users/jayashtripathy/Documents/plane/packages/i18n/src/index.ts": {"path":"/Users/jayashtripathy/Documents/plane/packages/i18n/src/index.ts","statementMap":{"0":{"start":{"line":1,"column":0},"end":{"line":1,"column":28}},"1":{"start":{"line":2,"column":0},"end":{"line":2,"column":26}},"2":{"start":{"line":3,"column":0},"end":{"line":3,"column":24}},"3":{"start":{"line":4,"column":0},"end":{"line":4,"column":24}},"4":{"start":{"line":5,"column":0},"end":{"line":5,"column":24}},"5":{"start":{"line":6,"column":0},"end":{"line":6,"column":26}}},"fnMap":{},"branchMap":{},"s":{"0":0,"1":0,"2":0,"3":0,"4":0,"5":0},"f":{},"b":{}}
,"/Users/jayashtripathy/Documents/plane/packages/i18n/src/constants/index.ts": {"path":"/Users/jayashtripathy/Documents/plane/packages/i18n/src/constants/index.ts","statementMap":{"0":{"start":{"line":1,"column":0},"end":{"line":1,"column":27}}},"fnMap":{},"branchMap":{},"s":{"0":0},"f":{},"b":{}}
,"/Users/jayashtripathy/Documents/plane/packages/i18n/src/constants/language.ts": {"path":"/Users/jayashtripathy/Documents/plane/packages/i18n/src/constants/language.ts","statementMap":{"0":{"start":{"line":3,"column":13},"end":{"line":3,"column":49}},"1":{"start":{"line":5,"column":13},"end":{"line":25,"column":2}},"2":{"start":{"line":31,"column":0},"end":{"line":31,"column":null}},"3":{"start":{"line":32,"column":2},"end":{"line":32,"column":null}},"4":{"start":{"line":33,"column":2},"end":{"line":33,"column":null}},"5":{"start":{"line":34,"column":2},"end":{"line":34,"column":null}},"6":{"start":{"line":37,"column":13},"end":{"line":37,"column":51}}},"fnMap":{"0":{"name":"(anonymous_0)","decl":{"start":{"line":31,"column":0},"end":{"line":31,"column":12}},"loc":{"start":{"line":31,"column":29},"end":{"line":35,"column":1}}}},"branchMap":{"0":{"loc":{"start":{"line":31,"column":12},"end":{"line":31,"column":null}},"type":"binary-expr","locations":[{"start":{"line":31,"column":12},"end":{"line":31,"column":29}},{"start":{"line":31,"column":29},"end":{"line":31,"column":null}}]}},"s":{"0":0,"1":0,"2":0,"3":0,"4":0,"5":0,"6":0},"f":{"0":0},"b":{"0":[0,0]}}
,"/Users/jayashtripathy/Documents/plane/packages/i18n/src/hooks/index.ts": {"path":"/Users/jayashtripathy/Documents/plane/packages/i18n/src/hooks/index.ts","statementMap":{"0":{"start":{"line":1,"column":0},"end":{"line":1,"column":34}}},"fnMap":{},"branchMap":{},"s":{"0":0},"f":{},"b":{}}
,"/Users/jayashtripathy/Documents/plane/packages/i18n/src/hooks/use-translation.ts": {"path":"/Users/jayashtripathy/Documents/plane/packages/i18n/src/hooks/use-translation.ts","statementMap":{"0":{"start":{"line":23,"column":0},"end":{"line":23,"column":16}},"1":{"start":{"line":1,"column":0},"end":{"line":1,"column":35}},"2":{"start":{"line":3,"column":0},"end":{"line":3,"column":48}},"3":{"start":{"line":24,"column":16},"end":{"line":24,"column":46}},"4":{"start":{"line":25,"column":2},"end":{"line":27,"column":3}},"5":{"start":{"line":26,"column":4},"end":{"line":26,"column":80}},"6":{"start":{"line":29,"column":2},"end":{"line":34,"column":4}},"7":{"start":{"line":32,"column":40},"end":{"line":32,"column":62}}},"fnMap":{"0":{"name":"useTranslation","decl":{"start":{"line":23,"column":16},"end":{"line":23,"column":30}},"loc":{"start":{"line":23,"column":30},"end":{"line":35,"column":1}}},"1":{"name":"(anonymous_1)","decl":{"start":{"line":32,"column":20},"end":{"line":32,"column":21}},"loc":{"start":{"line":32,"column":40},"end":{"line":32,"column":62}}}},"branchMap":{"0":{"loc":{"start":{"line":25,"column":2},"end":{"line":27,"column":3}},"type":"if","locations":[{"start":{"line":25,"column":2},"end":{"line":27,"column":3}},{"start":{},"end":{}}]}},"s":{"0":0,"1":0,"2":0,"3":0,"4":0,"5":0,"6":0,"7":0},"f":{"0":0,"1":0},"b":{"0":[0,0]}}
,"/Users/jayashtripathy/Documents/plane/packages/i18n/src/locales/index.ts": {"path":"/Users/jayashtripathy/Documents/plane/packages/i18n/src/locales/index.ts","statementMap":{"0":{"start":{"line":2,"column":0},"end":{"line":2,"column":9}},"1":{"start":{"line":2,"column":9},"end":{"line":2,"column":26}},"2":{"start":{"line":3,"column":0},"end":{"line":3,"column":9}},"3":{"start":{"line":3,"column":9},"end":{"line":3,"column":34}},"4":{"start":{"line":4,"column":0},"end":{"line":4,"column":9}},"5":{"start":{"line":4,"column":9},"end":{"line":4,"column":35}},"6":{"start":{"line":5,"column":0},"end":{"line":5,"column":9}},"7":{"start":{"line":5,"column":9},"end":{"line":5,"column":28}},"8":{"start":{"line":8,"column":13},"end":{"line":105,"column":2}},"9":{"start":{"line":10,"column":16},"end":{"line":10,"column":40}},"10":{"start":{"line":11,"column":24},"end":{"line":11,"column":56}},"11":{"start":{"line":12,"column":25},"end":{"line":12,"column":58}},"12":{"start":{"line":13,"column":18},"end":{"line":13,"column":44}},"13":{"start":{"line":16,"column":24},"end":{"line":16,"column":56}},"14":{"start":{"line":17,"column":25},"end":{"line":17,"column":58}},"15":{"start":{"line":18,"column":18},"end":{"line":18,"column":44}},"16":{"start":{"line":21,"column":24},"end":{"line":21,"column":56}},"17":{"start":{"line":22,"column":25},"end":{"line":22,"column":58}},"18":{"start":{"line":23,"column":18},"end":{"line":23,"column":44}},"19":{"start":{"line":26,"column":24},"end":{"line":26,"column":56}},"20":{"start":{"line":27,"column":25},"end":{"line":27,"column":58}},"21":{"start":{"line":28,"column":18},"end":{"line":28,"column":44}},"22":{"start":{"line":31,"column":24},"end":{"line":31,"column":59}},"23":{"start":{"line":32,"column":25},"end":{"line":32,"column":61}},"24":{"start":{"line":33,"column":18},"end":{"line":33,"column":47}},"25":{"start":{"line":36,"column":24},"end":{"line":36,"column":59}},"26":{"start":{"line":37,"column":25},"end":{"line":37,"column":61}},"27":{"start":{"line":38,"column":18},"end":{"line":38,"column":47}},"28":{"start":{"line":41,"column":24},"end":{"line":41,"column":56}},"29":{"start":{"line":42,"column":25},"end":{"line":42,"column":58}},"30":{"start":{"line":43,"column":18},"end":{"line":43,"column":44}},"31":{"start":{"line":46,"column":24},"end":{"line":46,"column":56}},"32":{"start":{"line":47,"column":25},"end":{"line":47,"column":58}},"33":{"start":{"line":48,"column":18},"end":{"line":48,"column":44}},"34":{"start":{"line":51,"column":24},"end":{"line":51,"column":56}},"35":{"start":{"line":52,"column":25},"end":{"line":52,"column":58}},"36":{"start":{"line":53,"column":18},"end":{"line":53,"column":44}},"37":{"start":{"line":56,"column":24},"end":{"line":56,"column":56}},"38":{"start":{"line":57,"column":25},"end":{"line":57,"column":58}},"39":{"start":{"line":58,"column":18},"end":{"line":58,"column":44}},"40":{"start":{"line":61,"column":24},"end":{"line":61,"column":56}},"41":{"start":{"line":62,"column":25},"end":{"line":62,"column":58}},"42":{"start":{"line":63,"column":18},"end":{"line":63,"column":44}},"43":{"start":{"line":66,"column":24},"end":{"line":66,"column":56}},"44":{"start":{"line":67,"column":25},"end":{"line":67,"column":58}},"45":{"start":{"line":68,"column":18},"end":{"line":68,"column":44}},"46":{"start":{"line":71,"column":24},"end":{"line":71,"column":56}},"47":{"start":{"line":72,"column":25},"end":{"line":72,"column":58}},"48":{"start":{"line":73,"column":18},"end":{"line":73,"column":44}},"49":{"start":{"line":76,"column":24},"end":{"line":76,"column":56}},"50":{"start":{"line":77,"column":25},"end":{"line":77,"column":58}},"51":{"start":{"line":78,"column":18},"end":{"line":78,"column":44}},"52":{"start":{"line":81,"column":24},"end":{"line":81,"column":59}},"53":{"start":{"line":82,"column":25},"end":{"line":82,"column":61}},"54":{"start":{"line":83,"column":18},"end":{"line":83,"column":47}},"55":{"start":{"line":86,"column":24},"end":{"line":86,"column":56}},"56":{"start":{"line":87,"column":25},"end":{"line":87,"column":58}},"57":{"start":{"line":88,"column":18},"end":{"line":88,"column":44}},"58":{"start":{"line":91,"column":24},"end":{"line":91,"column":56}},"59":{"start":{"line":92,"column":25},"end":{"line":92,"column":58}},"60":{"start":{"line":93,"column":18},"end":{"line":93,"column":44}},"61":{"start":{"line":96,"column":24},"end":{"line":96,"column":59}},"62":{"start":{"line":97,"column":25},"end":{"line":97,"column":61}},"63":{"start":{"line":98,"column":18},"end":{"line":98,"column":47}},"64":{"start":{"line":101,"column":24},"end":{"line":101,"column":59}},"65":{"start":{"line":102,"column":25},"end":{"line":102,"column":61}},"66":{"start":{"line":103,"column":18},"end":{"line":103,"column":47}}},"fnMap":{"0":{"name":"(anonymous_1)","decl":{"start":{"line":2,"column":9},"end":{"line":2,"column":16}},"loc":{"start":{"line":2,"column":9},"end":{"line":2,"column":26}}},"1":{"name":"(anonymous_2)","decl":{"start":{"line":3,"column":9},"end":{"line":3,"column":16}},"loc":{"start":{"line":3,"column":9},"end":{"line":3,"column":34}}},"2":{"name":"(anonymous_3)","decl":{"start":{"line":4,"column":9},"end":{"line":4,"column":16}},"loc":{"start":{"line":4,"column":9},"end":{"line":4,"column":35}}},"3":{"name":"(anonymous_4)","decl":{"start":{"line":5,"column":9},"end":{"line":5,"column":16}},"loc":{"start":{"line":5,"column":9},"end":{"line":5,"column":28}}},"4":{"name":"(anonymous_5)","decl":{"start":{"line":10,"column":10},"end":{"line":10,"column":13}},"loc":{"start":{"line":10,"column":16},"end":{"line":10,"column":40}}},"5":{"name":"(anonymous_6)","decl":{"start":{"line":11,"column":18},"end":{"line":11,"column":21}},"loc":{"start":{"line":11,"column":24},"end":{"line":11,"column":56}}},"6":{"name":"(anonymous_7)","decl":{"start":{"line":12,"column":19},"end":{"line":12,"column":22}},"loc":{"start":{"line":12,"column":25},"end":{"line":12,"column":58}}},"7":{"name":"(anonymous_8)","decl":{"start":{"line":13,"column":12},"end":{"line":13,"column":15}},"loc":{"start":{"line":13,"column":18},"end":{"line":13,"column":44}}},"8":{"name":"(anonymous_9)","decl":{"start":{"line":16,"column":18},"end":{"line":16,"column":21}},"loc":{"start":{"line":16,"column":24},"end":{"line":16,"column":56}}},"9":{"name":"(anonymous_10)","decl":{"start":{"line":17,"column":19},"end":{"line":17,"column":22}},"loc":{"start":{"line":17,"column":25},"end":{"line":17,"column":58}}},"10":{"name":"(anonymous_11)","decl":{"start":{"line":18,"column":12},"end":{"line":18,"column":15}},"loc":{"start":{"line":18,"column":18},"end":{"line":18,"column":44}}},"11":{"name":"(anonymous_12)","decl":{"start":{"line":21,"column":18},"end":{"line":21,"column":21}},"loc":{"start":{"line":21,"column":24},"end":{"line":21,"column":56}}},"12":{"name":"(anonymous_13)","decl":{"start":{"line":22,"column":19},"end":{"line":22,"column":22}},"loc":{"start":{"line":22,"column":25},"end":{"line":22,"column":58}}},"13":{"name":"(anonymous_14)","decl":{"start":{"line":23,"column":12},"end":{"line":23,"column":15}},"loc":{"start":{"line":23,"column":18},"end":{"line":23,"column":44}}},"14":{"name":"(anonymous_15)","decl":{"start":{"line":26,"column":18},"end":{"line":26,"column":21}},"loc":{"start":{"line":26,"column":24},"end":{"line":26,"column":56}}},"15":{"name":"(anonymous_16)","decl":{"start":{"line":27,"column":19},"end":{"line":27,"column":22}},"loc":{"start":{"line":27,"column":25},"end":{"line":27,"column":58}}},"16":{"name":"(anonymous_17)","decl":{"start":{"line":28,"column":12},"end":{"line":28,"column":15}},"loc":{"start":{"line":28,"column":18},"end":{"line":28,"column":44}}},"17":{"name":"(anonymous_18)","decl":{"start":{"line":31,"column":18},"end":{"line":31,"column":21}},"loc":{"start":{"line":31,"column":24},"end":{"line":31,"column":59}}},"18":{"name":"(anonymous_19)","decl":{"start":{"line":32,"column":19},"end":{"line":32,"column":22}},"loc":{"start":{"line":32,"column":25},"end":{"line":32,"column":61}}},"19":{"name":"(anonymous_20)","decl":{"start":{"line":33,"column":12},"end":{"line":33,"column":15}},"loc":{"start":{"line":33,"column":18},"end":{"line":33,"column":47}}},"20":{"name":"(anonymous_21)","decl":{"start":{"line":36,"column":18},"end":{"line":36,"column":21}},"loc":{"start":{"line":36,"column":24},"end":{"line":36,"column":59}}},"21":{"name":"(anonymous_22)","decl":{"start":{"line":37,"column":19},"end":{"line":37,"column":22}},"loc":{"start":{"line":37,"column":25},"end":{"line":37,"column":61}}},"22":{"name":"(anonymous_23)","decl":{"start":{"line":38,"column":12},"end":{"line":38,"column":15}},"loc":{"start":{"line":38,"column":18},"end":{"line":38,"column":47}}},"23":{"name":"(anonymous_24)","decl":{"start":{"line":41,"column":18},"end":{"line":41,"column":21}},"loc":{"start":{"line":41,"column":24},"end":{"line":41,"column":56}}},"24":{"name":"(anonymous_25)","decl":{"start":{"line":42,"column":19},"end":{"line":42,"column":22}},"loc":{"start":{"line":42,"column":25},"end":{"line":42,"column":58}}},"25":{"name":"(anonymous_26)","decl":{"start":{"line":43,"column":12},"end":{"line":43,"column":15}},"loc":{"start":{"line":43,"column":18},"end":{"line":43,"column":44}}},"26":{"name":"(anonymous_27)","decl":{"start":{"line":46,"column":18},"end":{"line":46,"column":21}},"loc":{"start":{"line":46,"column":24},"end":{"line":46,"column":56}}},"27":{"name":"(anonymous_28)","decl":{"start":{"line":47,"column":19},"end":{"line":47,"column":22}},"loc":{"start":{"line":47,"column":25},"end":{"line":47,"column":58}}},"28":{"name":"(anonymous_29)","decl":{"start":{"line":48,"column":12},"end":{"line":48,"column":15}},"loc":{"start":{"line":48,"column":18},"end":{"line":48,"column":44}}},"29":{"name":"(anonymous_30)","decl":{"start":{"line":51,"column":18},"end":{"line":51,"column":21}},"loc":{"start":{"line":51,"column":24},"end":{"line":51,"column":56}}},"30":{"name":"(anonymous_31)","decl":{"start":{"line":52,"column":19},"end":{"line":52,"column":22}},"loc":{"start":{"line":52,"column":25},"end":{"line":52,"column":58}}},"31":{"name":"(anonymous_32)","decl":{"start":{"line":53,"column":12},"end":{"line":53,"column":15}},"loc":{"start":{"line":53,"column":18},"end":{"line":53,"column":44}}},"32":{"name":"(anonymous_33)","decl":{"start":{"line":56,"column":18},"end":{"line":56,"column":21}},"loc":{"start":{"line":56,"column":24},"end":{"line":56,"column":56}}},"33":{"name":"(anonymous_34)","decl":{"start":{"line":57,"column":19},"end":{"line":57,"column":22}},"loc":{"start":{"line":57,"column":25},"end":{"line":57,"column":58}}},"34":{"name":"(anonymous_35)","decl":{"start":{"line":58,"column":12},"end":{"line":58,"column":15}},"loc":{"start":{"line":58,"column":18},"end":{"line":58,"column":44}}},"35":{"name":"(anonymous_36)","decl":{"start":{"line":61,"column":18},"end":{"line":61,"column":21}},"loc":{"start":{"line":61,"column":24},"end":{"line":61,"column":56}}},"36":{"name":"(anonymous_37)","decl":{"start":{"line":62,"column":19},"end":{"line":62,"column":22}},"loc":{"start":{"line":62,"column":25},"end":{"line":62,"column":58}}},"37":{"name":"(anonymous_38)","decl":{"start":{"line":63,"column":12},"end":{"line":63,"column":15}},"loc":{"start":{"line":63,"column":18},"end":{"line":63,"column":44}}},"38":{"name":"(anonymous_39)","decl":{"start":{"line":66,"column":18},"end":{"line":66,"column":21}},"loc":{"start":{"line":66,"column":24},"end":{"line":66,"column":56}}},"39":{"name":"(anonymous_40)","decl":{"start":{"line":67,"column":19},"end":{"line":67,"column":22}},"loc":{"start":{"line":67,"column":25},"end":{"line":67,"column":58}}},"40":{"name":"(anonymous_41)","decl":{"start":{"line":68,"column":12},"end":{"line":68,"column":15}},"loc":{"start":{"line":68,"column":18},"end":{"line":68,"column":44}}},"41":{"name":"(anonymous_42)","decl":{"start":{"line":71,"column":18},"end":{"line":71,"column":21}},"loc":{"start":{"line":71,"column":24},"end":{"line":71,"column":56}}},"42":{"name":"(anonymous_43)","decl":{"start":{"line":72,"column":19},"end":{"line":72,"column":22}},"loc":{"start":{"line":72,"column":25},"end":{"line":72,"column":58}}},"43":{"name":"(anonymous_44)","decl":{"start":{"line":73,"column":12},"end":{"line":73,"column":15}},"loc":{"start":{"line":73,"column":18},"end":{"line":73,"column":44}}},"44":{"name":"(anonymous_45)","decl":{"start":{"line":76,"column":18},"end":{"line":76,"column":21}},"loc":{"start":{"line":76,"column":24},"end":{"line":76,"column":56}}},"45":{"name":"(anonymous_46)","decl":{"start":{"line":77,"column":19},"end":{"line":77,"column":22}},"loc":{"start":{"line":77,"column":25},"end":{"line":77,"column":58}}},"46":{"name":"(anonymous_47)","decl":{"start":{"line":78,"column":12},"end":{"line":78,"column":15}},"loc":{"start":{"line":78,"column":18},"end":{"line":78,"column":44}}},"47":{"name":"(anonymous_48)","decl":{"start":{"line":81,"column":18},"end":{"line":81,"column":21}},"loc":{"start":{"line":81,"column":24},"end":{"line":81,"column":59}}},"48":{"name":"(anonymous_49)","decl":{"start":{"line":82,"column":19},"end":{"line":82,"column":22}},"loc":{"start":{"line":82,"column":25},"end":{"line":82,"column":61}}},"49":{"name":"(anonymous_50)","decl":{"start":{"line":83,"column":12},"end":{"line":83,"column":15}},"loc":{"start":{"line":83,"column":18},"end":{"line":83,"column":47}}},"50":{"name":"(anonymous_51)","decl":{"start":{"line":86,"column":18},"end":{"line":86,"column":21}},"loc":{"start":{"line":86,"column":24},"end":{"line":86,"column":56}}},"51":{"name":"(anonymous_52)","decl":{"start":{"line":87,"column":19},"end":{"line":87,"column":22}},"loc":{"start":{"line":87,"column":25},"end":{"line":87,"column":58}}},"52":{"name":"(anonymous_53)","decl":{"start":{"line":88,"column":12},"end":{"line":88,"column":15}},"loc":{"start":{"line":88,"column":18},"end":{"line":88,"column":44}}},"53":{"name":"(anonymous_54)","decl":{"start":{"line":91,"column":18},"end":{"line":91,"column":21}},"loc":{"start":{"line":91,"column":24},"end":{"line":91,"column":56}}},"54":{"name":"(anonymous_55)","decl":{"start":{"line":92,"column":19},"end":{"line":92,"column":22}},"loc":{"start":{"line":92,"column":25},"end":{"line":92,"column":58}}},"55":{"name":"(anonymous_56)","decl":{"start":{"line":93,"column":12},"end":{"line":93,"column":15}},"loc":{"start":{"line":93,"column":18},"end":{"line":93,"column":44}}},"56":{"name":"(anonymous_57)","decl":{"start":{"line":96,"column":18},"end":{"line":96,"column":21}},"loc":{"start":{"line":96,"column":24},"end":{"line":96,"column":59}}},"57":{"name":"(anonymous_58)","decl":{"start":{"line":97,"column":19},"end":{"line":97,"column":22}},"loc":{"start":{"line":97,"column":25},"end":{"line":97,"column":61}}},"58":{"name":"(anonymous_59)","decl":{"start":{"line":98,"column":12},"end":{"line":98,"column":15}},"loc":{"start":{"line":98,"column":18},"end":{"line":98,"column":47}}},"59":{"name":"(anonymous_60)","decl":{"start":{"line":101,"column":18},"end":{"line":101,"column":21}},"loc":{"start":{"line":101,"column":24},"end":{"line":101,"column":59}}},"60":{"name":"(anonymous_61)","decl":{"start":{"line":102,"column":19},"end":{"line":102,"column":22}},"loc":{"start":{"line":102,"column":25},"end":{"line":102,"column":61}}},"61":{"name":"(anonymous_62)","decl":{"start":{"line":103,"column":12},"end":{"line":103,"column":15}},"loc":{"start":{"line":103,"column":18},"end":{"line":103,"column":47}}}},"branchMap":{},"s":{"0":0,"1":0,"2":0,"3":0,"4":0,"5":0,"6":0,"7":0,"8":0,"9":0,"10":0,"11":0,"12":0,"13":0,"14":0,"15":0,"16":0,"17":0,"18":0,"19":0,"20":0,"21":0,"22":0,"23":0,"24":0,"25":0,"26":0,"27":0,"28":0,"29":0,"30":0,"31":0,"32":0,"33":0,"34":0,"35":0,"36":0,"37":0,"38":0,"39":0,"40":0,"41":0,"42":0,"43":0,"44":0,"45":0,"46":0,"47":0,"48":0,"49":0,"50":0,"51":0,"52":0,"53":0,"54":0,"55":0,"56":0,"57":0,"58":0,"59":0,"60":0,"61":0,"62":0,"63":0,"64":0,"65":0,"66":0},"f":{"0":0,"1":0,"2":0,"3":0,"4":0,"5":0,"6":0,"7":0,"8":0,"9":0,"10":0,"11":0,"12":0,"13":0,"14":0,"15":0,"16":0,"17":0,"18":0,"19":0,"20":0,"21":0,"22":0,"23":0,"24":0,"25":0,"26":0,"27":0,"28":0,"29":0,"30":0,"31":0,"32":0,"33":0,"34":0,"35":0,"36":0,"37":0,"38":0,"39":0,"40":0,"41":0,"42":0,"43":0,"44":0,"45":0,"46":0,"47":0,"48":0,"49":0,"50":0,"51":0,"52":0,"53":0,"54":0,"55":0,"56":0,"57":0,"58":0,"59":0,"60":0,"61":0},"b":{}}
,"/Users/jayashtripathy/Documents/plane/packages/i18n/src/store/index.ts": {"path":"/Users/jayashtripathy/Documents/plane/packages/i18n/src/store/index.ts","statementMap":{"0":{"start":{"line":1,"column":0},"end":{"line":1,"column":51}},"1":{"start":{"line":2,"column":0},"end":{"line":2,"column":29}},"2":{"start":{"line":3,"column":0},"end":{"line":3,"column":33}},"3":{"start":{"line":4,"column":0},"end":{"line":4,"column":55}},"4":{"start":{"line":6,"column":0},"end":{"line":6,"column":111}},"5":{"start":{"line":8,"column":0},"end":{"line":8,"column":45}},"6":{"start":{"line":19,"column":44},"end":{"line":21,"column":4}},"7":{"start":{"line":23,"column":40},"end":{"line":23,"column":42}},"8":{"start":{"line":25,"column":57},"end":{"line":25,"column":66}},"9":{"start":{"line":27,"column":29},"end":{"line":27,"column":46}},"10":{"start":{"line":29,"column":23},"end":{"line":29,"column":27}},"11":{"start":{"line":30,"column":27},"end":{"line":30,"column":32}},"12":{"start":{"line":32,"column":44},"end":{"line":32,"column":53}},"13":{"start":{"line":38,"column":4},"end":{"line":38,"column":29}},"14":{"start":{"line":40,"column":4},"end":{"line":40,"column":46}},"15":{"start":{"line":42,"column":4},"end":{"line":42,"column":30}},"16":{"start":{"line":44,"column":4},"end":{"line":44,"column":28}},"17":{"start":{"line":49,"column":4},"end":{"line":49,"column":46}},"18":{"start":{"line":49,"column":39},"end":{"line":49,"column":46}},"19":{"start":{"line":51,"column":24},"end":{"line":51,"column":79}},"20":{"start":{"line":52,"column":4},"end":{"line":55,"column":5}},"21":{"start":{"line":53,"column":6},"end":{"line":53,"column":36}},"22":{"start":{"line":54,"column":6},"end":{"line":54,"column":13}},"23":{"start":{"line":58,"column":4},"end":{"line":58,"column":40}},"24":{"start":{"line":63,"column":4},"end":{"line":77,"column":5}},"25":{"start":{"line":65,"column":6},"end":{"line":67,"column":9}},"26":{"start":{"line":66,"column":8},"end":{"line":66,"column":34}},"27":{"start":{"line":69,"column":6},"end":{"line":69,"column":40}},"28":{"start":{"line":71,"column":6},"end":{"line":71,"column":36}},"29":{"start":{"line":73,"column":6},"end":{"line":73,"column":68}},"30":{"start":{"line":74,"column":6},"end":{"line":76,"column":9}},"31":{"start":{"line":75,"column":8},"end":{"line":75,"column":31}},"32":{"start":{"line":81,"column":4},"end":{"line":100,"column":5}},"33":{"start":{"line":83,"column":30},"end":{"line":83,"column":70}},"34":{"start":{"line":85,"column":6},"end":{"line":87,"column":7}},"35":{"start":{"line":86,"column":8},"end":{"line":86,"column":47}},"36":{"start":{"line":89,"column":27},"end":{"line":89,"column":105}},"37":{"start":{"line":89,"column":69},"end":{"line":89,"column":104}},"38":{"start":{"line":90,"column":6},"end":{"line":90,"column":38}},"39":{"start":{"line":92,"column":6},"end":{"line":94,"column":9}},"40":{"start":{"line":93,"column":8},"end":{"line":93,"column":31}},"41":{"start":{"line":96,"column":6},"end":{"line":96,"column":64}},"42":{"start":{"line":97,"column":6},"end":{"line":99,"column":9}},"43":{"start":{"line":98,"column":8},"end":{"line":98,"column":31}},"44":{"start":{"line":104,"column":31},"end":{"line":106,"column":null}},"45":{"start":{"line":104,"column":65},"end":{"line":104,"column":75}},"46":{"start":{"line":106,"column":8},"end":{"line":106,"column":113}},"47":{"start":{"line":109,"column":4},"end":{"line":111,"column":7}},"48":{"start":{"line":109,"column":49},"end":{"line":109,"column":97}},"49":{"start":{"line":110,"column":6},"end":{"line":110,"column":71}},"50":{"start":{"line":116,"column":4},"end":{"line":116,"column":51}},"51":{"start":{"line":116,"column":44},"end":{"line":116,"column":51}},"52":{"start":{"line":118,"column":4},"end":{"line":130,"column":5}},"53":{"start":{"line":119,"column":27},"end":{"line":119,"column":66}},"54":{"start":{"line":120,"column":6},"end":{"line":127,"column":9}},"55":{"start":{"line":122,"column":8},"end":{"line":122,"column":109}},"56":{"start":{"line":124,"column":8},"end":{"line":124,"column":43}},"57":{"start":{"line":126,"column":8},"end":{"line":126,"column":34}},"58":{"start":{"line":129,"column":6},"end":{"line":129,"column":75}},"59":{"start":{"line":140,"column":4},"end":{"line":162,"column":5}},"60":{"start":{"line":141,"column":25},"end":{"line":141,"column":66}},"61":{"start":{"line":142,"column":6},"end":{"line":144,"column":7}},"62":{"start":{"line":143,"column":8},"end":{"line":143,"column":75}},"63":{"start":{"line":147,"column":29},"end":{"line":150,"column":8}},"64":{"start":{"line":148,"column":24},"end":{"line":148,"column":55}},"65":{"start":{"line":149,"column":8},"end":{"line":149,"column":37}},"66":{"start":{"line":152,"column":29},"end":{"line":155,"column":8}},"67":{"start":{"line":153,"column":24},"end":{"line":153,"column":55}},"68":{"start":{"line":154,"column":8},"end":{"line":154,"column":37}},"69":{"start":{"line":157,"column":22},"end":{"line":157,"column":55}},"70":{"start":{"line":158,"column":21},"end":{"line":158,"column":94}},"71":{"start":{"line":158,"column":63},"end":{"line":158,"column":89}},"72":{"start":{"line":159,"column":6},"end":{"line":159,"column":33}},"73":{"start":{"line":161,"column":6},"end":{"line":161,"column":84}},"74":{"start":{"line":171,"column":18},"end":{"line":171,"column":50}},"75":{"start":{"line":172,"column":4},"end":{"line":172,"column":53}},"76":{"start":{"line":177,"column":4},"end":{"line":177,"column":82}},"77":{"start":{"line":177,"column":64},"end":{"line":177,"column":80}},"78":{"start":{"line":187,"column":4},"end":{"line":187,"column":30}},"79":{"start":{"line":195,"column":21},"end":{"line":195,"column":50}},"80":{"start":{"line":198,"column":4},"end":{"line":200,"column":5}},"81":{"start":{"line":199,"column":6},"end":{"line":199,"column":53}},"82":{"start":{"line":203,"column":20},"end":{"line":203,"column":55}},"83":{"start":{"line":204,"column":4},"end":{"line":204,"column":49}},"84":{"start":{"line":204,"column":37},"end":{"line":204,"column":49}},"85":{"start":{"line":206,"column":4},"end":{"line":213,"column":5}},"86":{"start":{"line":207,"column":24},"end":{"line":207,"column":62}},"87":{"start":{"line":208,"column":6},"end":{"line":208,"column":49}},"88":{"start":{"line":209,"column":6},"end":{"line":209,"column":23}},"89":{"start":{"line":211,"column":6},"end":{"line":211,"column":83}},"90":{"start":{"line":212,"column":6},"end":{"line":212,"column":18}},"91":{"start":{"line":225,"column":4},"end":{"line":244,"column":5}},"92":{"start":{"line":227,"column":22},"end":{"line":227,"column":70}},"93":{"start":{"line":230,"column":6},"end":{"line":232,"column":7}},"94":{"start":{"line":231,"column":8},"end":{"line":231,"column":68}},"95":{"start":{"line":235,"column":6},"end":{"line":237,"column":7}},"96":{"start":{"line":236,"column":8},"end":{"line":236,"column":56}},"97":{"start":{"line":240,"column":6},"end":{"line":240,"column":17}},"98":{"start":{"line":242,"column":6},"end":{"line":242,"column":66}},"99":{"start":{"line":243,"column":6},"end":{"line":243,"column":17}},"100":{"start":{"line":252,"column":4},"end":{"line":273,"column":5}},"101":{"start":{"line":253,"column":6},"end":{"line":255,"column":7}},"102":{"start":{"line":254,"column":8},"end":{"line":254,"column":52}},"103":{"start":{"line":258,"column":6},"end":{"line":260,"column":7}},"104":{"start":{"line":259,"column":8},"end":{"line":259,"column":49}},"105":{"start":{"line":262,"column":6},"end":{"line":265,"column":7}},"106":{"start":{"line":263,"column":8},"end":{"line":263,"column":56}},"107":{"start":{"line":264,"column":8},"end":{"line":264,"column":44}},"108":{"start":{"line":267,"column":6},"end":{"line":270,"column":9}},"109":{"start":{"line":268,"column":8},"end":{"line":268,"column":33}},"110":{"start":{"line":269,"column":8},"end":{"line":269,"column":34}},"111":{"start":{"line":272,"column":6},"end":{"line":272,"column":54}},"112":{"start":{"line":281,"column":4},"end":{"line":281,"column":31}},"113":{"start":{"line":17,"column":0},"end":{"line":17,"column":13}}},"fnMap":{"0":{"name":"(anonymous_1)","decl":{"start":{"line":37,"column":2},"end":{"line":37,"column":null}},"loc":{"start":{"line":37,"column":2},"end":{"line":45,"column":3}}},"1":{"name":"(anonymous_2)","decl":{"start":{"line":48,"column":10},"end":{"line":48,"column":28}},"loc":{"start":{"line":48,"column":28},"end":{"line":59,"column":3}}},"2":{"name":"(anonymous_3)","decl":{"start":{"line":62,"column":10},"end":{"line":62,"column":15}},"loc":{"start":{"line":62,"column":32},"end":{"line":78,"column":3}}},"3":{"name":"(anonymous_4)","decl":{"start":{"line":65,"column":18},"end":{"line":65,"column":21}},"loc":{"start":{"line":65,"column":23},"end":{"line":67,"column":7}}},"4":{"name":"(anonymous_5)","decl":{"start":{"line":74,"column":18},"end":{"line":74,"column":21}},"loc":{"start":{"line":74,"column":23},"end":{"line":76,"column":7}}},"5":{"name":"(anonymous_6)","decl":{"start":{"line":80,"column":10},"end":{"line":80,"column":15}},"loc":{"start":{"line":80,"column":36},"end":{"line":101,"column":3}}},"6":{"name":"(anonymous_7)","decl":{"start":{"line":89,"column":59},"end":{"line":89,"column":60}},"loc":{"start":{"line":89,"column":69},"end":{"line":89,"column":104}}},"7":{"name":"(anonymous_8)","decl":{"start":{"line":92,"column":18},"end":{"line":92,"column":21}},"loc":{"start":{"line":92,"column":23},"end":{"line":94,"column":7}}},"8":{"name":"(anonymous_9)","decl":{"start":{"line":97,"column":18},"end":{"line":97,"column":21}},"loc":{"start":{"line":97,"column":23},"end":{"line":99,"column":7}}},"9":{"name":"(anonymous_10)","decl":{"start":{"line":103,"column":10},"end":{"line":103,"column":32}},"loc":{"start":{"line":103,"column":32},"end":{"line":112,"column":3}}},"10":{"name":"(anonymous_11)","decl":{"start":{"line":104,"column":55},"end":{"line":104,"column":56}},"loc":{"start":{"line":104,"column":65},"end":{"line":104,"column":75}}},"11":{"name":"(anonymous_12)","decl":{"start":{"line":105,"column":6},"end":{"line":105,"column":7}},"loc":{"start":{"line":106,"column":8},"end":{"line":106,"column":113}}},"12":{"name":"(anonymous_13)","decl":{"start":{"line":109,"column":39},"end":{"line":109,"column":40}},"loc":{"start":{"line":109,"column":49},"end":{"line":109,"column":97}}},"13":{"name":"(anonymous_14)","decl":{"start":{"line":109,"column":106},"end":{"line":109,"column":107}},"loc":{"start":{"line":109,"column":116},"end":{"line":111,"column":5}}},"14":{"name":"(anonymous_15)","decl":{"start":{"line":114,"column":10},"end":{"line":114,"column":15}},"loc":{"start":{"line":114,"column":60},"end":{"line":131,"column":3}}},"15":{"name":"(anonymous_16)","decl":{"start":{"line":120,"column":18},"end":{"line":120,"column":21}},"loc":{"start":{"line":120,"column":23},"end":{"line":127,"column":7}}},"16":{"name":"(anonymous_17)","decl":{"start":{"line":139,"column":10},"end":{"line":139,"column":15}},"loc":{"start":{"line":139,"column":72},"end":{"line":163,"column":3}}},"17":{"name":"(anonymous_18)","decl":{"start":{"line":147,"column":42},"end":{"line":147,"column":43}},"loc":{"start":{"line":147,"column":51},"end":{"line":150,"column":7}}},"18":{"name":"(anonymous_19)","decl":{"start":{"line":152,"column":48},"end":{"line":152,"column":49}},"loc":{"start":{"line":152,"column":57},"end":{"line":155,"column":7}}},"19":{"name":"(anonymous_20)","decl":{"start":{"line":158,"column":36},"end":{"line":158,"column":37}},"loc":{"start":{"line":158,"column":63},"end":{"line":158,"column":89}}},"20":{"name":"(anonymous_21)","decl":{"start":{"line":170,"column":10},"end":{"line":170,"column":15}},"loc":{"start":{"line":170,"column":54},"end":{"line":173,"column":3}}},"21":{"name":"(anonymous_22)","decl":{"start":{"line":176,"column":10},"end":{"line":176,"column":25}},"loc":{"start":{"line":176,"column":45},"end":{"line":178,"column":3}}},"22":{"name":"(anonymous_23)","decl":{"start":{"line":177,"column":57},"end":{"line":177,"column":58}},"loc":{"start":{"line":177,"column":64},"end":{"line":177,"column":80}}},"23":{"name":"(anonymous_24)","decl":{"start":{"line":186,"column":10},"end":{"line":186,"column":21}},"loc":{"start":{"line":186,"column":52},"end":{"line":188,"column":3}}},"24":{"name":"(anonymous_25)","decl":{"start":{"line":194,"column":10},"end":{"line":194,"column":28}},"loc":{"start":{"line":194,"column":59},"end":{"line":214,"column":3}}},"25":{"name":"(anonymous_26)","decl":{"start":{"line":224,"column":2},"end":{"line":224,"column":3}},"loc":{"start":{"line":224,"column":49},"end":{"line":245,"column":3}}},"26":{"name":"(anonymous_27)","decl":{"start":{"line":251,"column":2},"end":{"line":251,"column":7}},"loc":{"start":{"line":251,"column":34},"end":{"line":274,"column":3}}},"27":{"name":"(anonymous_28)","decl":{"start":{"line":267,"column":18},"end":{"line":267,"column":21}},"loc":{"start":{"line":267,"column":23},"end":{"line":270,"column":7}}},"28":{"name":"(anonymous_29)","decl":{"start":{"line":280,"column":2},"end":{"line":280,"column":6}},"loc":{"start":{"line":280,"column":24},"end":{"line":282,"column":3}}}},"branchMap":{"0":{"loc":{"start":{"line":49,"column":4},"end":{"line":49,"column":46}},"type":"if","locations":[{"start":{"line":49,"column":4},"end":{"line":49,"column":46}},{"start":{},"end":{}}]},"1":{"loc":{"start":{"line":52,"column":4},"end":{"line":55,"column":5}},"type":"if","locations":[{"start":{"line":52,"column":4},"end":{"line":55,"column":5}},{"start":{},"end":{}}]},"2":{"loc":{"start":{"line":85,"column":6},"end":{"line":87,"column":7}},"type":"if","locations":[{"start":{"line":85,"column":6},"end":{"line":87,"column":7}},{"start":{},"end":{}}]},"3":{"loc":{"start":{"line":106,"column":8},"end":{"line":106,"column":113}},"type":"binary-expr","locations":[{"start":{"line":106,"column":8},"end":{"line":106,"column":52}},{"start":{"line":106,"column":56},"end":{"line":106,"column":83}},{"start":{"line":106,"column":87},"end":{"line":106,"column":113}}]},"4":{"loc":{"start":{"line":116,"column":4},"end":{"line":116,"column":51}},"type":"if","locations":[{"start":{"line":116,"column":4},"end":{"line":116,"column":51}},{"start":{},"end":{}}]},"5":{"loc":{"start":{"line":122,"column":48},"end":{"line":122,"column":85}},"type":"binary-expr","locations":[{"start":{"line":122,"column":48},"end":{"line":122,"column":79}},{"start":{"line":122,"column":83},"end":{"line":122,"column":85}}]},"6":{"loc":{"start":{"line":142,"column":6},"end":{"line":144,"column":7}},"type":"if","locations":[{"start":{"line":142,"column":6},"end":{"line":144,"column":7}},{"start":{},"end":{}}]},"7":{"loc":{"start":{"line":177,"column":11},"end":{"line":177,"column":81}},"type":"binary-expr","locations":[{"start":{"line":177,"column":11},"end":{"line":177,"column":24}},{"start":{"line":177,"column":28},"end":{"line":177,"column":81}}]},"8":{"loc":{"start":{"line":198,"column":4},"end":{"line":200,"column":5}},"type":"if","locations":[{"start":{"line":198,"column":4},"end":{"line":200,"column":5}},{"start":{},"end":{}}]},"9":{"loc":{"start":{"line":199,"column":13},"end":{"line":199,"column":52}},"type":"binary-expr","locations":[{"start":{"line":199,"column":13},"end":{"line":199,"column":44}},{"start":{"line":199,"column":48},"end":{"line":199,"column":52}}]},"10":{"loc":{"start":{"line":204,"column":4},"end":{"line":204,"column":49}},"type":"if","locations":[{"start":{"line":204,"column":4},"end":{"line":204,"column":49}},{"start":{},"end":{}}]},"11":{"loc":{"start":{"line":230,"column":6},"end":{"line":232,"column":7}},"type":"if","locations":[{"start":{"line":230,"column":6},"end":{"line":232,"column":7}},{"start":{},"end":{}}]},"12":{"loc":{"start":{"line":230,"column":10},"end":{"line":230,"column":64}},"type":"binary-expr","locations":[{"start":{"line":230,"column":10},"end":{"line":230,"column":20}},{"start":{"line":230,"column":24},"end":{"line":230,"column":64}}]},"13":{"loc":{"start":{"line":235,"column":6},"end":{"line":237,"column":7}},"type":"if","locations":[{"start":{"line":235,"column":6},"end":{"line":237,"column":7}},{"start":{},"end":{}}]},"14":{"loc":{"start":{"line":236,"column":32},"end":{"line":236,"column":44}},"type":"binary-expr","locations":[{"start":{"line":236,"column":32},"end":{"line":236,"column":38}},{"start":{"line":236,"column":42},"end":{"line":236,"column":44}}]},"15":{"loc":{"start":{"line":253,"column":6},"end":{"line":255,"column":7}},"type":"if","locations":[{"start":{"line":253,"column":6},"end":{"line":255,"column":7}},{"start":{},"end":{}}]},"16":{"loc":{"start":{"line":258,"column":6},"end":{"line":260,"column":7}},"type":"if","locations":[{"start":{"line":258,"column":6},"end":{"line":260,"column":7}},{"start":{},"end":{}}]},"17":{"loc":{"start":{"line":262,"column":6},"end":{"line":265,"column":7}},"type":"if","locations":[{"start":{"line":262,"column":6},"end":{"line":265,"column":7}},{"start":{},"end":{}}]}},"s":{"0":0,"1":0,"2":0,"3":0,"4":0,"5":0,"6":0,"7":0,"8":0,"9":0,"10":0,"11":0,"12":0,"13":0,"14":0,"15":0,"16":0,"17":0,"18":0,"19":0,"20":0,"21":0,"22":0,"23":0,"24":0,"25":0,"26":0,"27":0,"28":0,"29":0,"30":0,"31":0,"32":0,"33":0,"34":0,"35":0,"36":0,"37":0,"38":0,"39":0,"40":0,"41":0,"42":0,"43":0,"44":0,"45":0,"46":0,"47":0,"48":0,"49":0,"50":0,"51":0,"52":0,"53":0,"54":0,"55":0,"56":0,"57":0,"58":0,"59":0,"60":0,"61":0,"62":0,"63":0,"64":0,"65":0,"66":0,"67":0,"68":0,"69":0,"70":0,"71":0,"72":0,"73":0,"74":0,"75":0,"76":0,"77":0,"78":0,"79":0,"80":0,"81":0,"82":0,"83":0,"84":0,"85":0,"86":0,"87":0,"88":0,"89":0,"90":0,"91":0,"92":0,"93":0,"94":0,"95":0,"96":0,"97":0,"98":0,"99":0,"100":0,"101":0,"102":0,"103":0,"104":0,"105":0,"106":0,"107":0,"108":0,"109":0,"110":0,"111":0,"112":0,"113":0},"f":{"0":0,"1":0,"2":0,"3":0,"4":0,"5":0,"6":0,"7":0,"8":0,"9":0,"10":0,"11":0,"12":0,"13":0,"14":0,"15":0,"16":0,"17":0,"18":0,"19":0,"20":0,"21":0,"22":0,"23":0,"24":0,"25":0,"26":0,"27":0,"28":0},"b":{"0":[0,0],"1":[0,0],"2":[0,0],"3":[0,0,0],"4":[0,0],"5":[0,0],"6":[0,0],"7":[0,0],"8":[0,0],"9":[0,0],"10":[0,0],"11":[0,0],"12":[0,0],"13":[0,0],"14":[0,0],"15":[0,0],"16":[0,0],"17":[0,0]}}
,"/Users/jayashtripathy/Documents/plane/packages/i18n/src/types/index.ts": {"path":"/Users/jayashtripathy/Documents/plane/packages/i18n/src/types/index.ts","statementMap":{"0":{"start":{"line":1,"column":0},"end":{"line":1,"column":27}},"1":{"start":{"line":2,"column":0},"end":{"line":2,"column":30}}},"fnMap":{},"branchMap":{},"s":{"0":0,"1":0},"f":{},"b":{}}
}
