TN:
SF:scripts/check-missing-translations.ts
FN:6,runTranslationCheck
FN:14,(anonymous_1)
FN:16,(anonymous_2)
FNF:3
FNH:0
FNDA:0,runTranslationCheck
FNDA:0,(anonymous_1)
FNDA:0,(anonymous_2)
DA:3,0
DA:4,0
DA:7,0
DA:8,0
DA:10,0
DA:11,0
DA:13,0
DA:14,0
DA:15,0
DA:16,0
DA:17,0
DA:19,0
DA:22,0
DA:25,0
DA:26,0
DA:27,0
DA:29,0
DA:30,0
DA:33,0
DA:34,0
DA:38,0
LF:21
LH:0
BRDA:13,0,0,0
BRDA:13,0,1,0
BRDA:25,1,0,0
BRDA:25,1,1,0
BRF:4
BRH:0
end_of_record
TN:
SF:scripts/locale/check-translations.ts
FN:38,checkMissingTranslations
FN:49,(anonymous_1)
FN:51,(anonymous_2)
FN:59,(anonymous_3)
FN:62,(anonymous_4)
FN:65,(anonymous_5)
FNF:6
FNH:6
FNDA:1,checkMissingTranslations
FNDA:1624,(anonymous_1)
FNDA:28421,(anonymous_2)
FNDA:150,(anonymous_3)
FNDA:2850,(anonymous_4)
FNDA:2247,(anonymous_5)
DA:1,1
DA:2,1
DA:39,1
DA:40,1
DA:42,1
DA:43,1
DA:44,1
DA:46,1
DA:47,4
DA:49,4
DA:50,1624
DA:52,28421
DA:56,4
DA:57,2
DA:59,2
DA:60,150
DA:63,2850
DA:65,2247
DA:67,150
DA:76,1
DA:82,1
LF:21
LH:21
BRDA:52,0,0,28421
BRDA:52,0,1,26921
BRDA:56,1,0,2
BRDA:56,1,1,2
BRDA:63,2,0,2850
BRDA:63,2,1,2700
BRF:6
BRH:6
end_of_record
TN:
SF:scripts/locale/constants.ts
FNF:0
FNH:0
DA:1,1
DA:5,1
DA:8,1
DA:11,1
LF:4
LH:4
BRF:0
BRH:0
end_of_record
TN:
SF:scripts/locale/file-service.ts
FN:10,(anonymous_0)
FN:24,(anonymous_1)
FN:34,(anonymous_2)
FNF:3
FNH:2
FNDA:152,(anonymous_0)
FNDA:4,(anonymous_1)
FNDA:0,(anonymous_2)
DA:1,1
DA:3,1
DA:11,152
DA:12,152
DA:14,36
DA:25,4
DA:35,0
DA:36,0
DA:37,0
DA:39,0
LF:10
LH:6
BRF:0
BRH:0
end_of_record
TN:
SF:scripts/locale/json-service.ts
FN:14,(anonymous_1)
FN:37,(anonymous_2)
FN:48,(anonymous_3)
FNF:3
FNH:1
FNDA:18544,(anonymous_1)
FNDA:0,(anonymous_2)
FNDA:0,(anonymous_3)
DA:1,1
DA:7,1
DA:15,18544
DA:17,18544
DA:18,78966
DA:20,78966
DA:21,18428
DA:23,60538
DA:27,18544
DA:38,0
DA:39,0
DA:49,0
DA:50,0
LF:13
LH:9
BRDA:14,0,0,116
BRDA:18,1,0,64178
BRDA:18,1,1,14788
BRDA:20,2,0,18428
BRDA:20,2,1,60538
BRDA:20,3,0,78966
BRDA:20,3,1,18428
BRDA:23,4,0,76
BRDA:23,4,1,60462
BRF:9
BRH:9
end_of_record
TN:
SF:scripts/locale/manager.ts
FN:13,(anonymous_1)
FN:29,(anonymous_2)
FN:39,(anonymous_3)
FN:41,(anonymous_4)
FN:47,(anonymous_5)
FN:59,(anonymous_6)
FN:69,(anonymous_7)
FN:84,(anonymous_8)
FN:99,(anonymous_9)
FN:117,(anonymous_10)
FN:148,(anonymous_11)
FN:153,(anonymous_12)
FN:171,(anonymous_13)
FN:177,(anonymous_14)
FN:188,(anonymous_15)
FNF:15
FNH:11
FNDA:168,(anonymous_1)
FNDA:1,(anonymous_2)
FNDA:8,(anonymous_3)
FNDA:168,(anonymous_4)
FNDA:1,(anonymous_5)
FNDA:152,(anonymous_6)
FNDA:152,(anonymous_7)
FNDA:0,(anonymous_8)
FNDA:0,(anonymous_9)
FNDA:8,(anonymous_10)
FNDA:3248,(anonymous_11)
FNDA:61712,(anonymous_12)
FNDA:0,(anonymous_13)
FNDA:0,(anonymous_14)
FNDA:4,(anonymous_15)
DA:1,1
DA:2,1
DA:3,1
DA:4,1
DA:5,1
DA:13,168
DA:19,1
DA:20,1
DA:21,1
DA:30,1
DA:31,1
DA:40,8
DA:41,168
DA:48,1
DA:49,4
DA:60,152
DA:70,152
DA:71,152
DA:72,152
DA:73,116
DA:85,0
DA:86,0
DA:87,0
DA:88,0
DA:89,0
DA:90,0
DA:100,0
DA:101,0
DA:102,0
DA:103,0
DA:104,0
DA:105,0
DA:106,0
DA:108,0
DA:118,8
DA:119,8
DA:141,8
DA:142,152
DA:145,8
DA:146,8
DA:148,3248
DA:153,61712
DA:176,0
DA:178,0
DA:189,4
DA:190,4
DA:191,4
DA:192,4
LF:48
LH:32
BRDA:72,0,0,36
BRDA:72,0,1,116
BRDA:86,1,0,0
BRDA:86,1,1,0
BRDA:103,2,0,0
BRDA:103,2,1,0
BRDA:146,3,0,0
BRDA:146,3,1,8
BRDA:156,4,0,57214
BRDA:156,4,1,4498
BRDA:157,5,0,61712
BRDA:157,5,1,4498
BRF:12
BRH:7
end_of_record
TN:
SF:src/index.ts
FNF:0
FNH:0
DA:1,0
DA:2,0
DA:3,0
DA:4,0
DA:5,0
DA:6,0
LF:6
LH:0
BRF:0
BRH:0
end_of_record
TN:
SF:src/constants/index.ts
FNF:0
FNH:0
DA:1,0
LF:1
LH:0
BRF:0
BRH:0
end_of_record
TN:
SF:src/constants/language.ts
FN:31,(anonymous_0)
FNF:1
FNH:0
FNDA:0,(anonymous_0)
DA:3,0
DA:5,0
DA:31,0
DA:32,0
DA:33,0
DA:34,0
DA:37,0
LF:7
LH:0
BRDA:31,0,0,0
BRDA:31,0,1,0
BRF:2
BRH:0
end_of_record
TN:
SF:src/hooks/index.ts
FNF:0
FNH:0
DA:1,0
LF:1
LH:0
BRF:0
BRH:0
end_of_record
TN:
SF:src/hooks/use-translation.ts
FN:23,useTranslation
FN:32,(anonymous_1)
FNF:2
FNH:0
FNDA:0,useTranslation
FNDA:0,(anonymous_1)
DA:1,0
DA:3,0
DA:23,0
DA:24,0
DA:25,0
DA:26,0
DA:29,0
DA:32,0
LF:8
LH:0
BRDA:25,0,0,0
BRDA:25,0,1,0
BRF:2
BRH:0
end_of_record
TN:
SF:src/locales/index.ts
FN:2,(anonymous_1)
FN:3,(anonymous_2)
FN:4,(anonymous_3)
FN:5,(anonymous_4)
FN:10,(anonymous_5)
FN:11,(anonymous_6)
FN:12,(anonymous_7)
FN:13,(anonymous_8)
FN:16,(anonymous_9)
FN:17,(anonymous_10)
FN:18,(anonymous_11)
FN:21,(anonymous_12)
FN:22,(anonymous_13)
FN:23,(anonymous_14)
FN:26,(anonymous_15)
FN:27,(anonymous_16)
FN:28,(anonymous_17)
FN:31,(anonymous_18)
FN:32,(anonymous_19)
FN:33,(anonymous_20)
FN:36,(anonymous_21)
FN:37,(anonymous_22)
FN:38,(anonymous_23)
FN:41,(anonymous_24)
FN:42,(anonymous_25)
FN:43,(anonymous_26)
FN:46,(anonymous_27)
FN:47,(anonymous_28)
FN:48,(anonymous_29)
FN:51,(anonymous_30)
FN:52,(anonymous_31)
FN:53,(anonymous_32)
FN:56,(anonymous_33)
FN:57,(anonymous_34)
FN:58,(anonymous_35)
FN:61,(anonymous_36)
FN:62,(anonymous_37)
FN:63,(anonymous_38)
FN:66,(anonymous_39)
FN:67,(anonymous_40)
FN:68,(anonymous_41)
FN:71,(anonymous_42)
FN:72,(anonymous_43)
FN:73,(anonymous_44)
FN:76,(anonymous_45)
FN:77,(anonymous_46)
FN:78,(anonymous_47)
FN:81,(anonymous_48)
FN:82,(anonymous_49)
FN:83,(anonymous_50)
FN:86,(anonymous_51)
FN:87,(anonymous_52)
FN:88,(anonymous_53)
FN:91,(anonymous_54)
FN:92,(anonymous_55)
FN:93,(anonymous_56)
FN:96,(anonymous_57)
FN:97,(anonymous_58)
FN:98,(anonymous_59)
FN:101,(anonymous_60)
FN:102,(anonymous_61)
FN:103,(anonymous_62)
FNF:62
FNH:0
FNDA:0,(anonymous_1)
FNDA:0,(anonymous_2)
FNDA:0,(anonymous_3)
FNDA:0,(anonymous_4)
FNDA:0,(anonymous_5)
FNDA:0,(anonymous_6)
FNDA:0,(anonymous_7)
FNDA:0,(anonymous_8)
FNDA:0,(anonymous_9)
FNDA:0,(anonymous_10)
FNDA:0,(anonymous_11)
FNDA:0,(anonymous_12)
FNDA:0,(anonymous_13)
FNDA:0,(anonymous_14)
FNDA:0,(anonymous_15)
FNDA:0,(anonymous_16)
FNDA:0,(anonymous_17)
FNDA:0,(anonymous_18)
FNDA:0,(anonymous_19)
FNDA:0,(anonymous_20)
FNDA:0,(anonymous_21)
FNDA:0,(anonymous_22)
FNDA:0,(anonymous_23)
FNDA:0,(anonymous_24)
FNDA:0,(anonymous_25)
FNDA:0,(anonymous_26)
FNDA:0,(anonymous_27)
FNDA:0,(anonymous_28)
FNDA:0,(anonymous_29)
FNDA:0,(anonymous_30)
FNDA:0,(anonymous_31)
FNDA:0,(anonymous_32)
FNDA:0,(anonymous_33)
FNDA:0,(anonymous_34)
FNDA:0,(anonymous_35)
FNDA:0,(anonymous_36)
FNDA:0,(anonymous_37)
FNDA:0,(anonymous_38)
FNDA:0,(anonymous_39)
FNDA:0,(anonymous_40)
FNDA:0,(anonymous_41)
FNDA:0,(anonymous_42)
FNDA:0,(anonymous_43)
FNDA:0,(anonymous_44)
FNDA:0,(anonymous_45)
FNDA:0,(anonymous_46)
FNDA:0,(anonymous_47)
FNDA:0,(anonymous_48)
FNDA:0,(anonymous_49)
FNDA:0,(anonymous_50)
FNDA:0,(anonymous_51)
FNDA:0,(anonymous_52)
FNDA:0,(anonymous_53)
FNDA:0,(anonymous_54)
FNDA:0,(anonymous_55)
FNDA:0,(anonymous_56)
FNDA:0,(anonymous_57)
FNDA:0,(anonymous_58)
FNDA:0,(anonymous_59)
FNDA:0,(anonymous_60)
FNDA:0,(anonymous_61)
FNDA:0,(anonymous_62)
DA:2,0
DA:3,0
DA:4,0
DA:5,0
DA:8,0
DA:10,0
DA:11,0
DA:12,0
DA:13,0
DA:16,0
DA:17,0
DA:18,0
DA:21,0
DA:22,0
DA:23,0
DA:26,0
DA:27,0
DA:28,0
DA:31,0
DA:32,0
DA:33,0
DA:36,0
DA:37,0
DA:38,0
DA:41,0
DA:42,0
DA:43,0
DA:46,0
DA:47,0
DA:48,0
DA:51,0
DA:52,0
DA:53,0
DA:56,0
DA:57,0
DA:58,0
DA:61,0
DA:62,0
DA:63,0
DA:66,0
DA:67,0
DA:68,0
DA:71,0
DA:72,0
DA:73,0
DA:76,0
DA:77,0
DA:78,0
DA:81,0
DA:82,0
DA:83,0
DA:86,0
DA:87,0
DA:88,0
DA:91,0
DA:92,0
DA:93,0
DA:96,0
DA:97,0
DA:98,0
DA:101,0
DA:102,0
DA:103,0
LF:63
LH:0
BRF:0
BRH:0
end_of_record
TN:
SF:src/store/index.ts
FN:37,(anonymous_1)
FN:48,(anonymous_2)
FN:62,(anonymous_3)
FN:65,(anonymous_4)
FN:74,(anonymous_5)
FN:80,(anonymous_6)
FN:89,(anonymous_7)
FN:92,(anonymous_8)
FN:97,(anonymous_9)
FN:103,(anonymous_10)
FN:104,(anonymous_11)
FN:105,(anonymous_12)
FN:109,(anonymous_13)
FN:109,(anonymous_14)
FN:114,(anonymous_15)
FN:120,(anonymous_16)
FN:139,(anonymous_17)
FN:147,(anonymous_18)
FN:152,(anonymous_19)
FN:158,(anonymous_20)
FN:170,(anonymous_21)
FN:176,(anonymous_22)
FN:177,(anonymous_23)
FN:186,(anonymous_24)
FN:194,(anonymous_25)
FN:224,(anonymous_26)
FN:251,(anonymous_27)
FN:267,(anonymous_28)
FN:280,(anonymous_29)
FNF:29
FNH:0
FNDA:0,(anonymous_1)
FNDA:0,(anonymous_2)
FNDA:0,(anonymous_3)
FNDA:0,(anonymous_4)
FNDA:0,(anonymous_5)
FNDA:0,(anonymous_6)
FNDA:0,(anonymous_7)
FNDA:0,(anonymous_8)
FNDA:0,(anonymous_9)
FNDA:0,(anonymous_10)
FNDA:0,(anonymous_11)
FNDA:0,(anonymous_12)
FNDA:0,(anonymous_13)
FNDA:0,(anonymous_14)
FNDA:0,(anonymous_15)
FNDA:0,(anonymous_16)
FNDA:0,(anonymous_17)
FNDA:0,(anonymous_18)
FNDA:0,(anonymous_19)
FNDA:0,(anonymous_20)
FNDA:0,(anonymous_21)
FNDA:0,(anonymous_22)
FNDA:0,(anonymous_23)
FNDA:0,(anonymous_24)
FNDA:0,(anonymous_25)
FNDA:0,(anonymous_26)
FNDA:0,(anonymous_27)
FNDA:0,(anonymous_28)
FNDA:0,(anonymous_29)
DA:1,0
DA:2,0
DA:3,0
DA:4,0
DA:6,0
DA:8,0
DA:17,0
DA:19,0
DA:23,0
DA:25,0
DA:27,0
DA:29,0
DA:30,0
DA:32,0
DA:38,0
DA:40,0
DA:42,0
DA:44,0
DA:49,0
DA:51,0
DA:52,0
DA:53,0
DA:54,0
DA:58,0
DA:63,0
DA:65,0
DA:66,0
DA:69,0
DA:71,0
DA:73,0
DA:74,0
DA:75,0
DA:81,0
DA:83,0
DA:85,0
DA:86,0
DA:89,0
DA:90,0
DA:92,0
DA:93,0
DA:96,0
DA:97,0
DA:98,0
DA:104,0
DA:106,0
DA:109,0
DA:110,0
DA:116,0
DA:118,0
DA:119,0
DA:120,0
DA:122,0
DA:124,0
DA:126,0
DA:129,0
DA:140,0
DA:141,0
DA:142,0
DA:143,0
DA:147,0
DA:148,0
DA:149,0
DA:152,0
DA:153,0
DA:154,0
DA:157,0
DA:158,0
DA:159,0
DA:161,0
DA:171,0
DA:172,0
DA:177,0
DA:187,0
DA:195,0
DA:198,0
DA:199,0
DA:203,0
DA:204,0
DA:206,0
DA:207,0
DA:208,0
DA:209,0
DA:211,0
DA:212,0
DA:225,0
DA:227,0
DA:230,0
DA:231,0
DA:235,0
DA:236,0
DA:240,0
DA:242,0
DA:243,0
DA:252,0
DA:253,0
DA:254,0
DA:258,0
DA:259,0
DA:262,0
DA:263,0
DA:264,0
DA:267,0
DA:268,0
DA:269,0
DA:272,0
DA:281,0
LF:106
LH:0
BRDA:49,0,0,0
BRDA:49,0,1,0
BRDA:52,1,0,0
BRDA:52,1,1,0
BRDA:85,2,0,0
BRDA:85,2,1,0
BRDA:106,3,0,0
BRDA:106,3,1,0
BRDA:106,3,2,0
BRDA:116,4,0,0
BRDA:116,4,1,0
BRDA:122,5,0,0
BRDA:122,5,1,0
BRDA:142,6,0,0
BRDA:142,6,1,0
BRDA:177,7,0,0
BRDA:177,7,1,0
BRDA:198,8,0,0
BRDA:198,8,1,0
BRDA:199,9,0,0
BRDA:199,9,1,0
BRDA:204,10,0,0
BRDA:204,10,1,0
BRDA:230,11,0,0
BRDA:230,11,1,0
BRDA:230,12,0,0
BRDA:230,12,1,0
BRDA:235,13,0,0
BRDA:235,13,1,0
BRDA:236,14,0,0
BRDA:236,14,1,0
BRDA:253,15,0,0
BRDA:253,15,1,0
BRDA:258,16,0,0
BRDA:258,16,1,0
BRDA:262,17,0,0
BRDA:262,17,1,0
BRF:37
BRH:0
end_of_record
TN:
SF:src/types/index.ts
FNF:0
FNH:0
DA:1,0
DA:2,0
LF:2
LH:0
BRF:0
BRH:0
end_of_record
